<?xml version="1.0" encoding="UTF-8"?>
<!-- Generated by org.testng.reporters.JUnitReportReporter -->
<testsuite hostname="LAPTOP-SUROD588" failures="0" tests="62" name="testPage.HomepageTest" time="20.984" errors="0" timestamp="2023-01-29T15:14:06 PST" skipped="61">
  <testcase classname="testPage.HomepageTest" name="loggerNegetiveTest" time="20.984"/>
  <system-out>
    <![CDATA[maha@gmailhas been placed to[[ChromeDriver: chrome on WINDOWS (e2f8fbd66a66d316e2ceb5d2406bb681)] -> xpath: //input[@id='user_name']]<br>
m1234has been placed to[[ChromeDriver: chrome on WINDOWS (e2f8fbd66a66d316e2ceb5d2406bb681)] -> xpath: //input[@id='user_password']]<br>
[[ChromeDriver: chrome on WINDOWS (e2f8fbd66a66d316e2ceb5d2406bb681)] -> id: submit_btn]has been clicked<br>]]>
  </system-out>
  <testcase classname="testPage.HomepageTest" name="use_of_click_method_in_loginButtonTest">
    <skipped/>
  </testcase> <!-- use_of_click_method_in_loginButtonTest -->
  <system-out/>
  <testcase classname="testPage.HomepageTest" name="use_of_dropdown_selectByvalue_method">
    <skipped/>
  </testcase> <!-- use_of_dropdown_selectByvalue_method -->
  <system-out/>
  <testcase classname="testPage.HomepageTest" name="role1_use_of_cssSelector_as_locator_logo">
    <skipped/>
  </testcase> <!-- role1_use_of_cssSelector_as_locator_logo -->
  <system-out/>
  <testcase classname="testPage.HomepageTest" name="use_of_getTitle_method_with_assertion02">
    <skipped/>
  </testcase> <!-- use_of_getTitle_method_with_assertion02 -->
  <system-out/>
  <testcase classname="testPage.HomepageTest" name="homepageAccountfunctionality">
    <skipped/>
  </testcase> <!-- homepageAccountfunctionality -->
  <system-out/>
  <testcase classname="testPage.HomepageTest" name="use_of_set_specific_size_in_a_window">
    <skipped/>
  </testcase> <!-- use_of_set_specific_size_in_a_window -->
  <system-out/>
  <testcase classname="testPage.HomepageTest" name="AccountfunctionalityTest">
    <skipped/>
  </testcase> <!-- AccountfunctionalityTest -->
  <system-out/>
  <testcase classname="testPage.HomepageTest" name="Use_of_sendKeys_method_then_click_in_submit">
    <skipped/>
  </testcase> <!-- Use_of_sendKeys_method_then_click_in_submit -->
  <system-out/>
  <testcase classname="testPage.HomepageTest" name="use_of_getText_method">
    <skipped/>
  </testcase> <!-- use_of_getText_method -->
  <system-out/>
  <testcase classname="testPage.HomepageTest" name="Use_of_scroll_down_and_scroll_up_by_javascriptExecutor">
    <skipped/>
  </testcase> <!-- Use_of_scroll_down_and_scroll_up_by_javascriptExecutor -->
  <system-out/>
  <testcase classname="testPage.HomepageTest" name="sendKeys_by_javascriptExecutor">
    <skipped/>
  </testcase> <!-- sendKeys_by_javascriptExecutor -->
  <system-out/>
  <testcase classname="testPage.HomepageTest" name="searchblueshado">
    <skipped/>
  </testcase> <!-- searchblueshado -->
  <system-out/>
  <testcase classname="testPage.HomepageTest" name="use_of_explicitly_wait_in_walgreens4">
    <skipped/>
  </testcase> <!-- use_of_explicitly_wait_in_walgreens4 -->
  <system-out/>
  <testcase classname="testPage.HomepageTest" name="Use_of_navigate_method">
    <skipped/>
  </testcase> <!-- Use_of_navigate_method -->
  <system-out/>
  <testcase classname="testPage.HomepageTest" name="use_of_getCurrentURL_method">
    <skipped/>
  </testcase> <!-- use_of_getCurrentURL_method -->
  <system-out/>
  <testcase classname="testPage.HomepageTest" name="Use_of_sendKeys_method_in_searchEngine_by_javascriptExecutor">
    <skipped/>
  </testcase> <!-- Use_of_sendKeys_method_in_searchEngine_by_javascriptExecutor -->
  <system-out/>
  <testcase classname="testPage.HomepageTest" name="use_of_explicitly_wait_in_walgreens">
    <skipped/>
  </testcase> <!-- use_of_explicitly_wait_in_walgreens -->
  <system-out/>
  <testcase classname="testPage.HomepageTest" name="homepageLoginButtonTest01">
    <skipped/>
  </testcase> <!-- homepageLoginButtonTest01 -->
  <system-out/>
  <testcase classname="testPage.HomepageTest" name="alternate_use_of_click_method_in_loginButtonTest1">
    <skipped/>
  </testcase> <!-- alternate_use_of_click_method_in_loginButtonTest1 -->
  <system-out/>
  <testcase classname="testPage.HomepageTest" name="role2_use_of_cssSelector_as_locator_Newyear">
    <skipped/>
  </testcase> <!-- role2_use_of_cssSelector_as_locator_Newyear -->
  <system-out/>
  <testcase classname="testPage.HomepageTest" name="alternate_of_click_method_in_logingButtonTest03">
    <skipped/>
  </testcase> <!-- alternate_of_click_method_in_logingButtonTest03 -->
  <system-out/>
  <testcase classname="testPage.HomepageTest" name="use_of_isdisplayed_in_image">
    <skipped/>
  </testcase> <!-- use_of_isdisplayed_in_image -->
  <system-out/>
  <testcase classname="testPage.HomepageTest" name="how_to_handle_hidden_element_by_regular_selenium_method">
    <skipped/>
  </testcase> <!-- how_to_handle_hidden_element_by_regular_selenium_method -->
  <system-out/>
  <testcase classname="testPage.HomepageTest" name="use_of_getTitle_method_with_soft_assertion">
    <skipped/>
  </testcase> <!-- use_of_getTitle_method_with_soft_assertion -->
  <system-out/>
  <testcase classname="testPage.HomepageTest" name="switchBetweenWindow01">
    <skipped/>
  </testcase> <!-- switchBetweenWindow01 -->
  <system-out/>
  <testcase classname="testPage.HomepageTest" name="searchNewyearElement">
    <skipped/>
  </testcase> <!-- searchNewyearElement -->
  <system-out/>
  <testcase classname="testPage.HomepageTest" name="role3_use_of_cssSelector_as_locator_searchIconCart">
    <skipped/>
  </testcase> <!-- role3_use_of_cssSelector_as_locator_searchIconCart -->
  <system-out/>
  <testcase classname="testPage.HomepageTest" name="use_of_dropdown_selectByVisibleText_method">
    <skipped/>
  </testcase> <!-- use_of_dropdown_selectByVisibleText_method -->
  <system-out/>
  <testcase classname="testPage.HomepageTest" name="searchIconCart">
    <skipped/>
  </testcase> <!-- searchIconCart -->
  <system-out/>
  <testcase classname="testPage.HomepageTest" name="role2_use_of_hard_assert_method">
    <skipped/>
  </testcase> <!-- role2_use_of_hard_assert_method -->
  <system-out/>
  <testcase classname="testPage.HomepageTest" name="use_of_dropdown_selectByIndex_method">
    <skipped/>
  </testcase> <!-- use_of_dropdown_selectByIndex_method -->
  <system-out/>
  <testcase classname="testPage.HomepageTest" name="sendkeyssearch">
    <skipped/>
  </testcase> <!-- sendkeyssearch -->
  <system-out/>
  <testcase classname="testPage.HomepageTest" name="use_of_getTitle_method_in_home_page">
    <skipped/>
  </testcase> <!-- use_of_getTitle_method_in_home_page -->
  <system-out/>
  <testcase classname="testPage.HomepageTest" name="use_of_set_script_timeout_for_window">
    <skipped/>
  </testcase> <!-- use_of_set_script_timeout_for_window -->
  <system-out/>
  <testcase classname="testPage.HomepageTest" name="homepageLoginButtonTest02">
    <skipped/>
  </testcase> <!-- homepageLoginButtonTest02 -->
  <system-out/>
  <testcase classname="testPage.HomepageTest" name="alternate_use_of_click_method_in_loginButtonTest2">
    <skipped/>
  </testcase> <!-- alternate_use_of_click_method_in_loginButtonTest2 -->
  <system-out/>
  <testcase classname="testPage.HomepageTest" name="loggerPositiveTest">
    <skipped/>
  </testcase> <!-- loggerPositiveTest -->
  <system-out/>
  <testcase classname="testPage.HomepageTest" name="use_of_explicitly_wait_in_walgreens3">
    <skipped/>
  </testcase> <!-- use_of_explicitly_wait_in_walgreens3 -->
  <system-out/>
  <testcase classname="testPage.HomepageTest" name="searchaccountelement">
    <skipped/>
  </testcase> <!-- searchaccountelement -->
  <system-out/>
  <testcase classname="testPage.HomepageTest" name="searchweeklyAd">
    <skipped/>
  </testcase> <!-- searchweeklyAd -->
  <system-out/>
  <testcase classname="testPage.HomepageTest" name="how_to_handle_hidden_element_by_javascriptExecutor">
    <skipped/>
  </testcase> <!-- how_to_handle_hidden_element_by_javascriptExecutor -->
  <system-out/>
  <testcase classname="testPage.HomepageTest" name="searchEmailelement">
    <skipped/>
  </testcase> <!-- searchEmailelement -->
  <system-out/>
  <testcase classname="testPage.HomepageTest" name="use_of_getTitle_method_with_assertion1">
    <skipped/>
  </testcase> <!-- use_of_getTitle_method_with_assertion1 -->
  <system-out/>
  <testcase classname="testPage.HomepageTest" name="Use_of_clear_method_in_searchEngine1">
    <skipped/>
  </testcase> <!-- Use_of_clear_method_in_searchEngine1 -->
  <system-out/>
  <testcase classname="testPage.HomepageTest" name="role1_use_of_hard_assert_method">
    <skipped/>
  </testcase> <!-- role1_use_of_hard_assert_method -->
  <system-out/>
  <testcase classname="testPage.HomepageTest" name="Use_of_clear_method_in_searchEngine">
    <skipped/>
  </testcase> <!-- Use_of_clear_method_in_searchEngine -->
  <system-out/>
  <testcase classname="testPage.HomepageTest" name="use_of_AccountfunctionalityTest1">
    <skipped/>
  </testcase> <!-- use_of_AccountfunctionalityTest1 -->
  <system-out/>
  <testcase classname="testPage.HomepageTest" name="clickAccountTest">
    <skipped/>
  </testcase> <!-- clickAccountTest -->
  <system-out/>
  <testcase classname="testPage.HomepageTest" name="homepageLogingButtonTest05">
    <skipped/>
  </testcase> <!-- homepageLogingButtonTest05 -->
  <system-out/>
  <testcase classname="testPage.HomepageTest" name="scrollIntoViewElement">
    <skipped/>
  </testcase> <!-- scrollIntoViewElement -->
  <system-out/>
  <testcase classname="testPage.HomepageTest" name="use_of_mouse_hoverAction_on_ourLocations">
    <skipped/>
  </testcase> <!-- use_of_mouse_hoverAction_on_ourLocations -->
  <system-out/>
  <testcase classname="testPage.HomepageTest" name="logoDisplayedTest">
    <skipped/>
  </testcase> <!-- logoDisplayedTest -->
  <system-out/>
  <testcase classname="testPage.HomepageTest" name="InputTextInAccountandSigningThenClickSelectBox1">
    <skipped/>
  </testcase> <!-- InputTextInAccountandSigningThenClickSelectBox1 -->
  <system-out/>
  <testcase classname="testPage.HomepageTest" name="use_of_explicitly_wait_in_walgreens2">
    <skipped/>
  </testcase> <!-- use_of_explicitly_wait_in_walgreens2 -->
  <system-out/>
  <testcase classname="testPage.HomepageTest" name="use_of_mouse_hoverAction_on_aboutUS">
    <skipped/>
  </testcase> <!-- use_of_mouse_hoverAction_on_aboutUS -->
  <system-out/>
  <testcase classname="testPage.HomepageTest" name="logoDisplayedtest1">
    <skipped/>
  </testcase> <!-- logoDisplayedtest1 -->
  <system-out/>
  <testcase classname="testPage.HomepageTest" name="use_of_getAttribute_method">
    <skipped/>
  </testcase> <!-- use_of_getAttribute_method -->
  <system-out/>
  <testcase classname="testPage.HomepageTest" name="searchnametest">
    <skipped/>
  </testcase> <!-- searchnametest -->
  <system-out/>
  <testcase classname="testPage.HomepageTest" name="use_of_explicitly_wait_in_walgreens5">
    <skipped/>
  </testcase> <!-- use_of_explicitly_wait_in_walgreens5 -->
  <system-out/>
  <testcase classname="testPage.HomepageTest" name="use_of_explicitly_wait">
    <skipped/>
  </testcase> <!-- use_of_explicitly_wait -->
  <system-out/>
  <testcase classname="testPage.HomepageTest" name="skipHomePageTitleTest">
    <skipped/>
  </testcase> <!-- skipHomePageTitleTest -->
  <system-out/>
</testsuite> <!-- testPage.HomepageTest -->
