<?xml version="1.0" encoding="UTF-8"?>
<!-- Generated by org.testng.reporters.JUnitReportReporter -->
<testsuite hostname="LAPTOP-SUROD588" failures="0" tests="21" name="testPage.HomepageTest" time="12.975" errors="0" timestamp="2023-01-03T03:52:53 PST" skipped="20">
  <testcase classname="testPage.HomepageTest" name="role3_use_of_cssSelector_as_locator_searchIconCart" time="12.975"/>
  <system-out/>
  <testcase classname="testPage.HomepageTest" name="searchNewyearElement">
    <skipped/>
  </testcase> <!-- searchNewyearElement -->
  <system-out/>
  <testcase classname="testPage.HomepageTest" name="role1_use_of_cssSelector_as_locator_logo">
    <skipped/>
  </testcase> <!-- role1_use_of_cssSelector_as_locator_logo -->
  <system-out/>
  <testcase classname="testPage.HomepageTest" name="searchaccountelement">
    <skipped/>
  </testcase> <!-- searchaccountelement -->
  <system-out/>
  <testcase classname="testPage.HomepageTest" name="sendkeyssearch">
    <skipped/>
  </testcase> <!-- sendkeyssearch -->
  <system-out/>
  <testcase classname="testPage.HomepageTest" name="use_of_getText_method">
    <skipped/>
  </testcase> <!-- use_of_getText_method -->
  <system-out/>
  <testcase classname="testPage.HomepageTest" name="logoDisplayedTest">
    <skipped/>
  </testcase> <!-- logoDisplayedTest -->
  <system-out/>
  <testcase classname="testPage.HomepageTest" name="AccountfunctionalityTest">
    <skipped/>
  </testcase> <!-- AccountfunctionalityTest -->
  <system-out/>
  <testcase classname="testPage.HomepageTest" name="use_of_getTitle_method_in_home_page">
    <skipped/>
  </testcase> <!-- use_of_getTitle_method_in_home_page -->
  <system-out/>
  <testcase classname="testPage.HomepageTest" name="searchEmailelement">
    <skipped/>
  </testcase> <!-- searchEmailelement -->
  <system-out/>
  <testcase classname="testPage.HomepageTest" name="role2_use_of_cssSelector_as_locator_Newyear">
    <skipped/>
  </testcase> <!-- role2_use_of_cssSelector_as_locator_Newyear -->
  <system-out/>
  <testcase classname="testPage.HomepageTest" name="searchweeklyAd">
    <skipped/>
  </testcase> <!-- searchweeklyAd -->
  <system-out/>
  <testcase classname="testPage.HomepageTest" name="Use_of_clear_method_in_searchEngine">
    <skipped/>
  </testcase> <!-- Use_of_clear_method_in_searchEngine -->
  <system-out/>
  <testcase classname="testPage.HomepageTest" name="use_of_isdisplayed_in_image">
    <skipped/>
  </testcase> <!-- use_of_isdisplayed_in_image -->
  <system-out/>
  <testcase classname="testPage.HomepageTest" name="clickAccountTest">
    <skipped/>
  </testcase> <!-- clickAccountTest -->
  <system-out/>
  <testcase classname="testPage.HomepageTest" name="use_of_AccountfunctionalityTest1">
    <skipped/>
  </testcase> <!-- use_of_AccountfunctionalityTest1 -->
  <system-out/>
  <testcase classname="testPage.HomepageTest" name="use_of_getAttribute_method">
    <skipped/>
  </testcase> <!-- use_of_getAttribute_method -->
  <system-out/>
  <testcase classname="testPage.HomepageTest" name="use_of_getCurrentURL_method">
    <skipped/>
  </testcase> <!-- use_of_getCurrentURL_method -->
  <system-out/>
  <testcase classname="testPage.HomepageTest" name="searchnametest">
    <skipped/>
  </testcase> <!-- searchnametest -->
  <system-out/>
  <testcase classname="testPage.HomepageTest" name="searchIconCart">
    <skipped/>
  </testcase> <!-- searchIconCart -->
  <system-out/>
  <testcase classname="testPage.HomepageTest" name="searchblueshado">
    <skipped/>
  </testcase> <!-- searchblueshado -->
  <system-out/>
</testsuite> <!-- testPage.HomepageTest -->
